<?xml version="1.0" encoding="UTF-8"?>
<robot generator="Robot 5.0.1 (Python 3.9.13 on win32)" generated="20221031 14:00:27.650" rpa="false" schemaversion="3">
<suite id="s1" name="TC6 XMLResponse" source="C:\Users\SatishKumar\PycharmProjects\API_Automation\TestCases\TC6_XMLResponse.robot">
<test id="s1-t1" name="TestCase1" line="11">
<kw name="Create Session" library="RequestsLibrary">
<arg>mysession</arg>
<arg>${base_url}</arg>
<doc>Create Session: create a HTTP session to a server</doc>
<msg timestamp="20221031 14:00:27.932" level="INFO">Creating Session using : alias=mysession, url=http://thomas-bayer.com, headers={},                     cookies={}, auth=None, timeout=None, proxies=None, verify=False,                     debug=0 </msg>
<status status="PASS" starttime="20221031 14:00:27.931" endtime="20221031 14:00:27.933"/>
</kw>
<kw name="GET On Session" library="RequestsLibrary">
<var>${response}</var>
<arg>mysession</arg>
<arg>/sqlrest/CUSTOMER/15</arg>
<doc>Sends a GET request on a previously created HTTP Session.</doc>
<msg timestamp="20221031 14:00:28.370" level="INFO">GET Request : url=http://thomas-bayer.com/sqlrest/CUSTOMER/15 
 path_url=/sqlrest/CUSTOMER/15 
 headers={'User-Agent': 'python-requests/2.28.1', 'Accept-Encoding': 'gzip, deflate', 'Accept': '*/*', 'Connection': 'keep-alive'} 
 body=None 
 </msg>
<msg timestamp="20221031 14:00:28.375" level="INFO">GET Response : url=http://thomas-bayer.com/sqlrest/CUSTOMER/15 
 status=200, reason=OK 
 headers={'Server': 'Apache-Coyote/1.1', 'Content-Type': 'application/xml', 'Date': 'Mon, 31 Oct 2022 08:30:17 GMT', 'Content-Length': '227'} 
 body=&lt;?xml version="1.0"?&gt;&lt;CUSTOMER xmlns:xlink="http://www.w3.org/1999/xlink"&gt;
    &lt;ID&gt;15&lt;/ID&gt;
    &lt;FIRSTNAME&gt;Bill&lt;/FIRSTNAME&gt;
    &lt;LASTNAME&gt;Clancy&lt;/LASTNAME&gt;
    &lt;STREET&gt;319 Upland Pl.&lt;/STREET&gt;
    &lt;CITY&gt;Seattle&lt;/CITY&gt;
&lt;/CUSTOMER&gt; 
 </msg>
<msg timestamp="20221031 14:00:28.376" level="INFO">${response} = &lt;Response [200]&gt;</msg>
<status status="PASS" starttime="20221031 14:00:27.934" endtime="20221031 14:00:28.376"/>
</kw>
<kw name="Convert To String" library="BuiltIn">
<var>${xml_string}</var>
<arg>${response.content}</arg>
<doc>Converts the given item to a Unicode string.</doc>
<msg timestamp="20221031 14:00:28.378" level="INFO">${xml_string} = &lt;?xml version="1.0"?&gt;&lt;CUSTOMER xmlns:xlink="http://www.w3.org/1999/xlink"&gt;
    &lt;ID&gt;15&lt;/ID&gt;
    &lt;FIRSTNAME&gt;Bill&lt;/FIRSTNAME&gt;
    &lt;LASTNAME&gt;Clancy&lt;/LASTNAME&gt;
    &lt;STREET&gt;319 Upland Pl.&lt;/STREET&gt;
    &lt;CITY...</msg>
<status status="PASS" starttime="20221031 14:00:28.377" endtime="20221031 14:00:28.378"/>
</kw>
<kw name="Parse Xml" library="XML">
<var>${xml_obj}</var>
<arg>${xml_string}</arg>
<doc>Parses the given XML file or string into an element structure.</doc>
<msg timestamp="20221031 14:00:28.379" level="INFO">${xml_obj} = &lt;Element 'CUSTOMER' at 0x000002425FFC8C70&gt;</msg>
<status status="PASS" starttime="20221031 14:00:28.378" endtime="20221031 14:00:28.379"/>
</kw>
<kw name="Element Text Should Be" library="XML">
<arg>${xml_obj}</arg>
<arg>15</arg>
<arg>.//ID</arg>
<doc>Verifies that the text of the specified element is ``expected``.</doc>
<status status="PASS" starttime="20221031 14:00:28.380" endtime="20221031 14:00:28.380"/>
</kw>
<kw name="Get Child Elements" library="XML">
<var>${child_elements}</var>
<arg>${xml_obj}</arg>
<doc>Returns the child elements of the specified element as a list.</doc>
<msg timestamp="20221031 14:00:28.381" level="INFO">${child_elements} = [&lt;Element 'ID' at 0x000002425FFC8EF0&gt;, &lt;Element 'FIRSTNAME' at 0x000002425FFC8F90&gt;, &lt;Element 'LASTNAME' at 0x000002425FFC8F40&gt;, &lt;Element 'STREET' at 0x000002425FFD3040&gt;, &lt;Element 'CITY' at 0x000002425...</msg>
<status status="PASS" starttime="20221031 14:00:28.381" endtime="20221031 14:00:28.381"/>
</kw>
<kw name="Should Not Be Empty" library="BuiltIn">
<arg>${child_elements}</arg>
<doc>Verifies that the given item is not empty.</doc>
<msg timestamp="20221031 14:00:28.383" level="INFO">Length is 5</msg>
<status status="PASS" starttime="20221031 14:00:28.382" endtime="20221031 14:00:28.383"/>
</kw>
<kw name="Get Element Text" library="XML">
<var>${id}</var>
<arg>${child_elements[0]}</arg>
<doc>Returns all text of the element, possibly whitespace normalized.</doc>
<msg timestamp="20221031 14:00:28.386" level="INFO">${id} = 15</msg>
<status status="PASS" starttime="20221031 14:00:28.384" endtime="20221031 14:00:28.386"/>
</kw>
<kw name="Get Element Text" library="XML">
<var>${fname}</var>
<arg>${child_elements[1]}</arg>
<doc>Returns all text of the element, possibly whitespace normalized.</doc>
<msg timestamp="20221031 14:00:28.388" level="INFO">${fname} = Bill</msg>
<status status="PASS" starttime="20221031 14:00:28.387" endtime="20221031 14:00:28.388"/>
</kw>
<kw name="Get Element Text" library="XML">
<var>${lname}</var>
<arg>${child_elements[2]}</arg>
<doc>Returns all text of the element, possibly whitespace normalized.</doc>
<msg timestamp="20221031 14:00:28.390" level="INFO">${lname} = Clancy</msg>
<status status="PASS" starttime="20221031 14:00:28.389" endtime="20221031 14:00:28.390"/>
</kw>
<kw name="Get Element Text" library="XML">
<var>${street}</var>
<arg>${child_elements[3]}</arg>
<doc>Returns all text of the element, possibly whitespace normalized.</doc>
<msg timestamp="20221031 14:00:28.392" level="INFO">${street} = 319 Upland Pl.</msg>
<status status="PASS" starttime="20221031 14:00:28.391" endtime="20221031 14:00:28.392"/>
</kw>
<kw name="Get Element Text" library="XML">
<var>${city}</var>
<arg>${child_elements[4]}</arg>
<doc>Returns all text of the element, possibly whitespace normalized.</doc>
<msg timestamp="20221031 14:00:28.394" level="INFO">${city} = Seattle</msg>
<status status="PASS" starttime="20221031 14:00:28.392" endtime="20221031 14:00:28.394"/>
</kw>
<kw name="Should Be Equal" library="BuiltIn">
<arg>${id}</arg>
<arg>15</arg>
<doc>Fails if the given objects are unequal.</doc>
<status status="PASS" starttime="20221031 14:00:28.395" endtime="20221031 14:00:28.395"/>
</kw>
<kw name="Should Be Equal" library="BuiltIn">
<arg>${fname}</arg>
<arg>Bill</arg>
<doc>Fails if the given objects are unequal.</doc>
<status status="PASS" starttime="20221031 14:00:28.396" endtime="20221031 14:00:28.396"/>
</kw>
<kw name="Should Be Equal" library="BuiltIn">
<arg>${lname}</arg>
<arg>Clancy</arg>
<doc>Fails if the given objects are unequal.</doc>
<status status="PASS" starttime="20221031 14:00:28.397" endtime="20221031 14:00:28.397"/>
</kw>
<kw name="Should Be Equal" library="BuiltIn">
<arg>${street}</arg>
<arg>319 Upland Pl.</arg>
<doc>Fails if the given objects are unequal.</doc>
<status status="PASS" starttime="20221031 14:00:28.398" endtime="20221031 14:00:28.398"/>
</kw>
<kw name="Should Be Equal" library="BuiltIn">
<arg>${city}</arg>
<arg>Seattle</arg>
<doc>Fails if the given objects are unequal.</doc>
<status status="PASS" starttime="20221031 14:00:28.399" endtime="20221031 14:00:28.400"/>
</kw>
<status status="PASS" starttime="20221031 14:00:27.930" endtime="20221031 14:00:28.401"/>
</test>
<status status="PASS" starttime="20221031 14:00:27.654" endtime="20221031 14:00:28.404"/>
</suite>
<statistics>
<total>
<stat pass="1" fail="0" skip="0">All Tests</stat>
</total>
<tag>
</tag>
<suite>
<stat pass="1" fail="0" skip="0" id="s1" name="TC6 XMLResponse">TC6 XMLResponse</stat>
</suite>
</statistics>
<errors>
</errors>
</robot>
