<?xml version="1.0" encoding="UTF-8"?>
<robot generator="Robot 5.0.1 (Python 3.9.13 on win32)" generated="20221028 08:52:36.484" rpa="false" schemaversion="3">
<suite id="s1" name="TC4 ComplexJSONValidation" source="C:\Users\SatishKumar\PycharmProjects\API_Automation\TestCases\TC4_ComplexJSONValidation.robot">
<test id="s1-t1" name="Get_CountryInfo" line="11">
<kw name="Create Session" library="RequestsLibrary">
<arg>mysession</arg>
<arg>${base_url}</arg>
<doc>Create Session: create a HTTP session to a server</doc>
<msg timestamp="20221028 08:52:36.800" level="INFO">Creating Session using : alias=mysession, url=https://restcountries.com, headers={},                     cookies={}, auth=None, timeout=None, proxies=None, verify=False,                     debug=0 </msg>
<status status="PASS" starttime="20221028 08:52:36.800" endtime="20221028 08:52:36.800"/>
</kw>
<kw name="GET On Session" library="RequestsLibrary">
<var>${response}</var>
<arg>mysession</arg>
<arg>/v2/alpha/in</arg>
<doc>Sends a GET request on a previously created HTTP Session.</doc>
<msg timestamp="20221028 08:52:37.635" level="INFO">GET Request : url=https://restcountries.com/v2/alpha/in 
 path_url=/v2/alpha/in 
 headers={'User-Agent': 'python-requests/2.28.1', 'Accept-Encoding': 'gzip, deflate', 'Accept': '*/*', 'Connection': 'keep-alive'} 
 body=None 
 </msg>
<msg timestamp="20221028 08:52:37.635" level="INFO">GET Response : url=https://restcountries.com/v2/alpha/in 
 status=200, reason=OK 
 headers={'Date': 'Fri, 28 Oct 2022 03:22:37 GMT', 'Server': 'Apache/2.4.38 (Debian)', 'Cache-Control': 'public, immutable, max-age=31556926', 'Content-Type': 'application/json', 'content-encoding': 'gzip', 'content-length': '649', 'Keep-Alive': 'timeout=5, max=100', 'Connection': 'Keep-Alive'} 
 body={"name":"India","topLevelDomain":[".in"],"alpha2Code":"IN","alpha3Code":"IND","callingCodes":["91"],"capital":"New Delhi","altSpellings":["IN","Bhārat","Republic of India","Bharat Ganrajya"],"subregion":"Southern Asia","region":"Asia","population":1380004385,"latlng":[20.0,77.0],"demonym":"Indian","area":3287590.0,"gini":35.7,"timezones":["UTC+05:30"],"borders":["AFG","BGD","BTN","MMR","CHN","NPL","PAK","LKA"],"nativeName":"भारत","numericCode":"356","flags":{"svg":"https://flagcdn.com/in.svg","png":"https://flagcdn.com/w320/in.png"},"currencies":[{"code":"INR","name":"Indian rupee","symbol":"₹"}],"languages":[{"iso639_1":"hi","iso639_2":"hin","name":"Hindi","nativeName":"हिन्दी"},{"iso639_1":"en","iso639_2":"eng","name":"English","nativeName":"English"}],"translations":{"br":"India","pt":"Índia","nl":"India","hr":"Indija","fa":"هند","de":"Indien","es":"India","fr":"Inde","ja":"インド","it":"India","hu":"India"},"flag":"https://flagcdn.com/in.svg","regionalBlocs":[{"acronym":"SAARC","name":"South Asian Association for Regional Cooperation"}],"cioc":"IND","independent":true} 
 </msg>
<msg timestamp="20221028 08:52:37.635" level="INFO">C:\Users\SatishKumar\PycharmProjects\API_Automation\venv\lib\site-packages\urllib3\connectionpool.py:1045: InsecureRequestWarning: Unverified HTTPS request is being made to host 'restcountries.com'. Adding certificate verification is strongly advised. See: https://urllib3.readthedocs.io/en/1.26.x/advanced-usage.html#ssl-warnings
  warnings.warn(</msg>
<msg timestamp="20221028 08:52:37.635" level="INFO">${response} = &lt;Response [200]&gt;</msg>
<status status="PASS" starttime="20221028 08:52:36.800" endtime="20221028 08:52:37.635"/>
</kw>
<kw name="Get Value From Json" library="JSONLibrary">
<var>${country_Name}</var>
<arg>${response.json()}</arg>
<arg>$.name</arg>
<doc>Get Value From JSON using JSONPath</doc>
<msg timestamp="20221028 08:52:37.688" level="INFO">${country_Name} = ['India']</msg>
<status status="PASS" starttime="20221028 08:52:37.635" endtime="20221028 08:52:37.688"/>
</kw>
<kw name="Log To Console" library="BuiltIn">
<arg>${country_Name[0]}</arg>
<doc>Logs the given message to the console.</doc>
<status status="PASS" starttime="20221028 08:52:37.688" endtime="20221028 08:52:37.688"/>
</kw>
<kw name="Should Be Equal" library="BuiltIn">
<arg>${country_Name[0]}</arg>
<arg>India</arg>
<doc>Fails if the given objects are unequal.</doc>
<status status="PASS" starttime="20221028 08:52:37.688" endtime="20221028 08:52:37.688"/>
</kw>
<kw name="Get Value From Json" library="JSONLibrary">
<var>${border}</var>
<arg>${response.json()}</arg>
<arg>$.borders[0]</arg>
<doc>Get Value From JSON using JSONPath</doc>
<msg timestamp="20221028 08:52:37.735" level="INFO">${border} = ['AFG']</msg>
<status status="PASS" starttime="20221028 08:52:37.688" endtime="20221028 08:52:37.735"/>
</kw>
<kw name="Log To Console" library="BuiltIn">
<arg>${border[0]}</arg>
<doc>Logs the given message to the console.</doc>
<status status="PASS" starttime="20221028 08:52:37.735" endtime="20221028 08:52:37.735"/>
</kw>
<kw name="Should Be Equal" library="BuiltIn">
<arg>${border[0]}</arg>
<arg>AFG</arg>
<doc>Fails if the given objects are unequal.</doc>
<status status="PASS" starttime="20221028 08:52:37.735" endtime="20221028 08:52:37.735"/>
</kw>
<kw name="Get Value From Json" library="JSONLibrary">
<var>${borders}</var>
<arg>${response.json()}</arg>
<arg>$.borders</arg>
<doc>Get Value From JSON using JSONPath</doc>
<msg timestamp="20221028 08:52:37.773" level="INFO">${borders} = [['AFG', 'BGD', 'BTN', 'MMR', 'CHN', 'NPL', 'PAK', 'LKA']]</msg>
<status status="PASS" starttime="20221028 08:52:37.735" endtime="20221028 08:52:37.773"/>
</kw>
<kw name="Log To Console" library="BuiltIn">
<arg>${borders[0]}</arg>
<doc>Logs the given message to the console.</doc>
<status status="PASS" starttime="20221028 08:52:37.773" endtime="20221028 08:52:37.773"/>
</kw>
<kw name="Should Contain Any" library="BuiltIn">
<arg>${borders[0]}</arg>
<arg>AFG</arg>
<arg>BGD</arg>
<arg>CHN</arg>
<doc>Fails if ``container`` does not contain any of the ``*items``.</doc>
<status status="PASS" starttime="20221028 08:52:37.773" endtime="20221028 08:52:37.773"/>
</kw>
<kw name="Should Not Contain Any" library="BuiltIn">
<arg>${borders[0]}</arg>
<arg>ABC</arg>
<arg>XYZ</arg>
<doc>Fails if ``container`` contains one or more of the ``*items``.</doc>
<status status="PASS" starttime="20221028 08:52:37.788" endtime="20221028 08:52:37.788"/>
</kw>
<status status="PASS" starttime="20221028 08:52:36.800" endtime="20221028 08:52:37.788"/>
</test>
<status status="PASS" starttime="20221028 08:52:36.484" endtime="20221028 08:52:37.788"/>
</suite>
<statistics>
<total>
<stat pass="1" fail="0" skip="0">All Tests</stat>
</total>
<tag>
</tag>
<suite>
<stat pass="1" fail="0" skip="0" id="s1" name="TC4 ComplexJSONValidation">TC4 ComplexJSONValidation</stat>
</suite>
</statistics>
<errors>
</errors>
</robot>
