<?xml version="1.0" encoding="UTF-8"?>
<robot generator="Robot 6.0.1 (Python 3.11.0 on win32)" generated="20221128 22:45:56.610" rpa="false" schemaversion="3">
<suite id="s1" name="TC2 Fees" source="C:\Users\SatishKumar\PycharmProjects\API_Automation\I3\TC2_Fees.robot">
<test id="s1-t1" name="Get API Token" line="13">
<kw name="Get Token" library="get_api">
<var>${token}</var>
<msg timestamp="20221128 22:45:58.664" level="INFO">${token} = Token 3cab29036a3c4e0ab8e2e6d93a5a2dc7eGSct1O7jIOzny7bj3Pht</msg>
<status status="PASS" starttime="20221128 22:45:56.927" endtime="20221128 22:45:58.664"/>
</kw>
<kw name="Set Global Variable" library="BuiltIn">
<arg>${token}</arg>
<doc>Makes a variable available globally in all tests and suites.</doc>
<msg timestamp="20221128 22:45:58.664" level="INFO">${token} = Token 3cab29036a3c4e0ab8e2e6d93a5a2dc7eGSct1O7jIOzny7bj3Pht</msg>
<status status="PASS" starttime="20221128 22:45:58.664" endtime="20221128 22:45:58.664"/>
</kw>
<status status="PASS" starttime="20221128 22:45:56.927" endtime="20221128 22:45:58.664"/>
</test>
<test id="s1-t2" name="GET Fees by Search" line="17">
<kw name="Create Session" library="RequestsLibrary">
<arg>mysession</arg>
<arg>${base_url}</arg>
<doc>Create Session: create a HTTP session to a server</doc>
<msg timestamp="20221128 22:45:58.664" level="INFO">Creating Session using : alias=mysession, url=https://alpha4-api.payschools.com, headers={},                     cookies={}, auth=None, timeout=None, proxies=None, verify=False,                     debug=0 </msg>
<status status="PASS" starttime="20221128 22:45:58.664" endtime="20221128 22:45:58.664"/>
</kw>
<kw name="Create Dictionary" library="BuiltIn">
<var>${headers}</var>
<arg>Content-Type=application/json</arg>
<arg>Authorization=${token}</arg>
<doc>Creates and returns a dictionary based on the given ``items``.</doc>
<msg timestamp="20221128 22:45:58.664" level="INFO">${headers} = {'Content-Type': 'application/json', 'Authorization': 'Token 3cab29036a3c4e0ab8e2e6d93a5a2dc7eGSct1O7jIOzny7bj3Pht'}</msg>
<status status="PASS" starttime="20221128 22:45:58.664" endtime="20221128 22:45:58.664"/>
</kw>
<kw name="GET On Session" library="RequestsLibrary">
<var>${response}</var>
<arg>mysession</arg>
<arg>/v2/public/user</arg>
<arg>headers=${headers}</arg>
<doc>Sends a GET request on a previously created HTTP Session.</doc>
<msg timestamp="20221128 22:46:00.285" level="INFO">GET Request : url=https://alpha4-api.payschools.com/v2/public/user 
 path_url=/v2/public/user 
 headers={'User-Agent': 'python-requests/2.28.1', 'Accept-Encoding': 'gzip, deflate', 'Accept': '*/*', 'Connection': 'keep-alive', 'Content-Type': 'application/json', 'Authorization': 'Token 3cab29036a3c4e0ab8e2e6d93a5a2dc7eGSct1O7jIOzny7bj3Pht'} 
 body=None 
 </msg>
<msg timestamp="20221128 22:46:00.285" level="INFO">GET Response : url=https://alpha4-api.payschools.com/v2/public/user 
 status=200, reason=OK 
 headers={'Date': 'Mon, 28 Nov 2022 17:16:00 GMT', 'Content-Type': 'application/json', 'Transfer-Encoding': 'chunked', 'Connection': 'keep-alive', 'RequestId': '5183011e-7007-417f-a49f-91a420fbb053', 'X-Powered-By': 'ASP.NET', 'CF-Cache-Status': 'DYNAMIC', 'Server': 'cloudflare', 'CF-RAY': '7714bfadfecd85f1-BOM', 'Content-Encoding': 'gzip'} 
 body={"UserName":"Chimera QA","UserEmail":null,"FirstName":"Chimera","LastName":"QA","IsSuperAdmin":true,"Version":null,"Site":{"IntSiteId":5025,"SiteId":"Trunk___2022_CY4_SantaClarita_Oct31","StieName":"Trunk___2022_CY4_SantaClarita_Oct31"},"Roles":[],"Districts":[{"IntDistrictId":2,"DisrictName":"Castaic"},{"IntDistrictId":3,"DisrictName":"Newhall"},{"IntDistrictId":4,"DisrictName":"Sulphur"},{"IntDistrictId":5,"DisrictName":"Saugus"}],"UserSession":{"DisplayLogoutPopup":1800,"DisplayLogoutPopupTimeout":600}} 
 </msg>
<msg timestamp="20221128 22:46:00.285" level="INFO">C:\Users\SatishKumar\PycharmProjects\API_Automation\venv\Lib\site-packages\urllib3\connectionpool.py:1045: InsecureRequestWarning: Unverified HTTPS request is being made to host 'alpha4-api.payschools.com'. Adding certificate verification is strongly advised. See: https://urllib3.readthedocs.io/en/1.26.x/advanced-usage.html#ssl-warnings
  warnings.warn(</msg>
<msg timestamp="20221128 22:46:00.285" level="INFO">${response} = &lt;Response [200]&gt;</msg>
<status status="PASS" starttime="20221128 22:45:58.664" endtime="20221128 22:46:00.285"/>
</kw>
<kw name="Log" library="BuiltIn">
<arg>${response.content}</arg>
<doc>Logs the given message with the given level.</doc>
<msg timestamp="20221128 22:46:00.285" level="INFO">{"UserName":"Chimera QA","UserEmail":null,"FirstName":"Chimera","LastName":"QA","IsSuperAdmin":true,"Version":null,"Site":{"IntSiteId":5025,"SiteId":"Trunk___2022_CY4_SantaClarita_Oct31","StieName":"Trunk___2022_CY4_SantaClarita_Oct31"},"Roles":[],"Districts":[{"IntDistrictId":2,"DisrictName":"Castaic"},{"IntDistrictId":3,"DisrictName":"Newhall"},{"IntDistrictId":4,"DisrictName":"Sulphur"},{"IntDistrictId":5,"DisrictName":"Saugus"}],"UserSession":{"DisplayLogoutPopup":1800,"DisplayLogoutPopupTimeout":600}}</msg>
<status status="PASS" starttime="20221128 22:46:00.285" endtime="20221128 22:46:00.285"/>
</kw>
<status status="PASS" starttime="20221128 22:45:58.664" endtime="20221128 22:46:00.301"/>
</test>
<status status="PASS" starttime="20221128 22:45:56.610" endtime="20221128 22:46:00.301"/>
</suite>
<statistics>
<total>
<stat pass="2" fail="0" skip="0">All Tests</stat>
</total>
<tag>
</tag>
<suite>
<stat pass="2" fail="0" skip="0" id="s1" name="TC2 Fees">TC2 Fees</stat>
</suite>
</statistics>
<errors>
</errors>
</robot>
